Determining if the pthread_create exist failed with the following output:
Change Dir: /home/anakin/Workspace/Robot/robot_ws/devel/src/libcreate/CMakeFiles/CMakeTmp

Run Build Command:"/usr/bin/make" "cmTC_5ae40/fast"
make[3]: Entering directory '/home/anakin/Workspace/Robot/robot_ws/devel/src/libcreate/CMakeFiles/CMakeTmp'
/usr/bin/make -f CMakeFiles/cmTC_5ae40.dir/build.make CMakeFiles/cmTC_5ae40.dir/build
make[4]: Entering directory '/home/anakin/Workspace/Robot/robot_ws/devel/src/libcreate/CMakeFiles/CMakeTmp'
Building C object CMakeFiles/cmTC_5ae40.dir/CheckSymbolExists.c.o
/usr/bin/cc     -o CMakeFiles/cmTC_5ae40.dir/CheckSymbolExists.c.o   -c /home/anakin/Workspace/Robot/robot_ws/devel/src/libcreate/CMakeFiles/CMakeTmp/CheckSymbolExists.c
Linking C executable cmTC_5ae40
/usr/bin/cmake -E cmake_link_script CMakeFiles/cmTC_5ae40.dir/link.txt --verbose=1
/usr/bin/cc       CMakeFiles/cmTC_5ae40.dir/CheckSymbolExists.c.o  -o cmTC_5ae40 -rdynamic 
CMakeFiles/cmTC_5ae40.dir/CheckSymbolExists.c.o: In function `main':
CheckSymbolExists.c:(.text+0x16): undefined reference to `pthread_create'
collect2: error: ld returned 1 exit status
CMakeFiles/cmTC_5ae40.dir/build.make:97: recipe for target 'cmTC_5ae40' failed
make[4]: *** [cmTC_5ae40] Error 1
make[4]: Leaving directory '/home/anakin/Workspace/Robot/robot_ws/devel/src/libcreate/CMakeFiles/CMakeTmp'
Makefile:126: recipe for target 'cmTC_5ae40/fast' failed
make[3]: *** [cmTC_5ae40/fast] Error 2
make[3]: Leaving directory '/home/anakin/Workspace/Robot/robot_ws/devel/src/libcreate/CMakeFiles/CMakeTmp'

File /home/anakin/Workspace/Robot/robot_ws/devel/src/libcreate/CMakeFiles/CMakeTmp/CheckSymbolExists.c:
/* */
#include <pthread.h>

int main(int argc, char** argv)
{
  (void)argv;
#ifndef pthread_create
  return ((int*)(&pthread_create))[argc];
#else
  (void)argc;
  return 0;
#endif
}

Determining if the function pthread_create exists in the pthreads failed with the following output:
Change Dir: /home/anakin/Workspace/Robot/robot_ws/devel/src/libcreate/CMakeFiles/CMakeTmp

Run Build Command:"/usr/bin/make" "cmTC_fe931/fast"
make[3]: Entering directory '/home/anakin/Workspace/Robot/robot_ws/devel/src/libcreate/CMakeFiles/CMakeTmp'
/usr/bin/make -f CMakeFiles/cmTC_fe931.dir/build.make CMakeFiles/cmTC_fe931.dir/build
make[4]: Entering directory '/home/anakin/Workspace/Robot/robot_ws/devel/src/libcreate/CMakeFiles/CMakeTmp'
Building C object CMakeFiles/cmTC_fe931.dir/CheckFunctionExists.c.o
/usr/bin/cc    -DCHECK_FUNCTION_EXISTS=pthread_create   -o CMakeFiles/cmTC_fe931.dir/CheckFunctionExists.c.o   -c /usr/share/cmake-3.5/Modules/CheckFunctionExists.c
Linking C executable cmTC_fe931
/usr/bin/cmake -E cmake_link_script CMakeFiles/cmTC_fe931.dir/link.txt --verbose=1
/usr/bin/cc   -DCHECK_FUNCTION_EXISTS=pthread_create    CMakeFiles/cmTC_fe931.dir/CheckFunctionExists.c.o  -o cmTC_fe931 -rdynamic -lpthreads 
/usr/bin/ld: cannot find -lpthreads
collect2: error: ld returned 1 exit status
CMakeFiles/cmTC_fe931.dir/build.make:97: recipe for target 'cmTC_fe931' failed
make[4]: *** [cmTC_fe931] Error 1
make[4]: Leaving directory '/home/anakin/Workspace/Robot/robot_ws/devel/src/libcreate/CMakeFiles/CMakeTmp'
Makefile:126: recipe for target 'cmTC_fe931/fast' failed
make[3]: *** [cmTC_fe931/fast] Error 2
make[3]: Leaving directory '/home/anakin/Workspace/Robot/robot_ws/devel/src/libcreate/CMakeFiles/CMakeTmp'


