Determining if the pthread_create exist failed with the following output:
Change Dir: /home/anakin/Workspace/Robot/robot_ws/src/simple_navigation_goals/build/CMakeFiles/CMakeTmp

Run Build Command:"/usr/bin/make" "cmTC_69b30/fast"
make[1]: Entering directory '/home/anakin/Workspace/Robot/robot_ws/src/simple_navigation_goals/build/CMakeFiles/CMakeTmp'
/usr/bin/make -f CMakeFiles/cmTC_69b30.dir/build.make CMakeFiles/cmTC_69b30.dir/build
make[2]: Entering directory '/home/anakin/Workspace/Robot/robot_ws/src/simple_navigation_goals/build/CMakeFiles/CMakeTmp'
Building C object CMakeFiles/cmTC_69b30.dir/CheckSymbolExists.c.o
/usr/bin/cc     -o CMakeFiles/cmTC_69b30.dir/CheckSymbolExists.c.o   -c /home/anakin/Workspace/Robot/robot_ws/src/simple_navigation_goals/build/CMakeFiles/CMakeTmp/CheckSymbolExists.c
Linking C executable cmTC_69b30
/usr/bin/cmake -E cmake_link_script CMakeFiles/cmTC_69b30.dir/link.txt --verbose=1
/usr/bin/cc       CMakeFiles/cmTC_69b30.dir/CheckSymbolExists.c.o  -o cmTC_69b30 -rdynamic 
CMakeFiles/cmTC_69b30.dir/CheckSymbolExists.c.o: In function `main':
CheckSymbolExists.c:(.text+0x16): undefined reference to `pthread_create'
collect2: error: ld returned 1 exit status
CMakeFiles/cmTC_69b30.dir/build.make:97: recipe for target 'cmTC_69b30' failed
make[2]: *** [cmTC_69b30] Error 1
make[2]: Leaving directory '/home/anakin/Workspace/Robot/robot_ws/src/simple_navigation_goals/build/CMakeFiles/CMakeTmp'
Makefile:126: recipe for target 'cmTC_69b30/fast' failed
make[1]: *** [cmTC_69b30/fast] Error 2
make[1]: Leaving directory '/home/anakin/Workspace/Robot/robot_ws/src/simple_navigation_goals/build/CMakeFiles/CMakeTmp'

File /home/anakin/Workspace/Robot/robot_ws/src/simple_navigation_goals/build/CMakeFiles/CMakeTmp/CheckSymbolExists.c:
/* */
#include <pthread.h>

int main(int argc, char** argv)
{
  (void)argv;
#ifndef pthread_create
  return ((int*)(&pthread_create))[argc];
#else
  (void)argc;
  return 0;
#endif
}

Determining if the function pthread_create exists in the pthreads failed with the following output:
Change Dir: /home/anakin/Workspace/Robot/robot_ws/src/simple_navigation_goals/build/CMakeFiles/CMakeTmp

Run Build Command:"/usr/bin/make" "cmTC_1e083/fast"
make[1]: Entering directory '/home/anakin/Workspace/Robot/robot_ws/src/simple_navigation_goals/build/CMakeFiles/CMakeTmp'
/usr/bin/make -f CMakeFiles/cmTC_1e083.dir/build.make CMakeFiles/cmTC_1e083.dir/build
make[2]: Entering directory '/home/anakin/Workspace/Robot/robot_ws/src/simple_navigation_goals/build/CMakeFiles/CMakeTmp'
Building C object CMakeFiles/cmTC_1e083.dir/CheckFunctionExists.c.o
/usr/bin/cc    -DCHECK_FUNCTION_EXISTS=pthread_create   -o CMakeFiles/cmTC_1e083.dir/CheckFunctionExists.c.o   -c /usr/share/cmake-3.5/Modules/CheckFunctionExists.c
Linking C executable cmTC_1e083
/usr/bin/cmake -E cmake_link_script CMakeFiles/cmTC_1e083.dir/link.txt --verbose=1
/usr/bin/cc   -DCHECK_FUNCTION_EXISTS=pthread_create    CMakeFiles/cmTC_1e083.dir/CheckFunctionExists.c.o  -o cmTC_1e083 -rdynamic -lpthreads 
/usr/bin/ld: cannot find -lpthreads
collect2: error: ld returned 1 exit status
CMakeFiles/cmTC_1e083.dir/build.make:97: recipe for target 'cmTC_1e083' failed
make[2]: *** [cmTC_1e083] Error 1
make[2]: Leaving directory '/home/anakin/Workspace/Robot/robot_ws/src/simple_navigation_goals/build/CMakeFiles/CMakeTmp'
Makefile:126: recipe for target 'cmTC_1e083/fast' failed
make[1]: *** [cmTC_1e083/fast] Error 2
make[1]: Leaving directory '/home/anakin/Workspace/Robot/robot_ws/src/simple_navigation_goals/build/CMakeFiles/CMakeTmp'


